<?xml version="1.0" encoding="UTF-8"?>
<testng-results skipped="0" failed="1" ignored="2" total="6" passed="3">
  <reporter-output>
  </reporter-output>
  <suite name="Suite" duration-ms="5172" started-at="2021-11-24T22:38:57 CET" finished-at="2021-11-24T22:39:02 CET">
    <groups>
    </groups>
    <test name="Create Customer API" duration-ms="5172" started-at="2021-11-24T22:38:57 CET" finished-at="2021-11-24T22:39:02 CET">
      <class name="APITestCases.DeleteCustomerTest">
        <test-method status="FAIL" signature="deleteCustomer(java.util.Hashtable)[pri:0, instance:APITestCases.DeleteCustomerTest@36916eb0]" name="deleteCustomer" duration-ms="635" started-at="2021-11-24T22:39:02 CET" data-provider="Data" finished-at="2021-11-24T22:39:02 CET">
          <params>
            <param index="0">
              <value>
                <![CDATA[{id=cus_KefQaEyP6KWsRr}]]>
              </value>
            </param>
          </params>
          <exception class="java.lang.AssertionError">
            <message>
              <![CDATA[expected [200] but found [404]]]>
            </message>
            <full-stacktrace>
              <![CDATA[java.lang.AssertionError: expected [200] but found [404]
at org.testng.Assert.fail(Assert.java:99)
at org.testng.Assert.failNotEquals(Assert.java:1037)
at org.testng.Assert.assertEqualsImpl(Assert.java:140)
at org.testng.Assert.assertEquals(Assert.java:122)
at org.testng.Assert.assertEquals(Assert.java:907)
at org.testng.Assert.assertEquals(Assert.java:917)
at APITestCases.DeleteCustomerTest.deleteCustomer(DeleteCustomerTest.java:27)
at sun.reflect.NativeMethodAccessorImpl.invoke0(Native Method)
at sun.reflect.NativeMethodAccessorImpl.invoke(NativeMethodAccessorImpl.java:62)
at sun.reflect.DelegatingMethodAccessorImpl.invoke(DelegatingMethodAccessorImpl.java:43)
at java.lang.reflect.Method.invoke(Method.java:498)
at org.testng.internal.MethodInvocationHelper.invokeMethod(MethodInvocationHelper.java:133)
at org.testng.internal.TestInvoker.invokeMethod(TestInvoker.java:598)
at org.testng.internal.TestInvoker.invokeTestMethod(TestInvoker.java:173)
at org.testng.internal.MethodRunner.runInSequence(MethodRunner.java:46)
at org.testng.internal.TestInvoker$MethodInvocationAgent.invoke(TestInvoker.java:824)
at org.testng.internal.TestInvoker.invokeTestMethods(TestInvoker.java:146)
at org.testng.internal.TestMethodWorker.invokeTestMethods(TestMethodWorker.java:146)
at org.testng.internal.TestMethodWorker.run(TestMethodWorker.java:128)
at java.util.ArrayList.forEach(ArrayList.java:1257)
at org.testng.TestRunner.privateRun(TestRunner.java:794)
at org.testng.TestRunner.run(TestRunner.java:596)
at org.testng.SuiteRunner.runTest(SuiteRunner.java:377)
at org.testng.SuiteRunner.access$000(SuiteRunner.java:28)
at org.testng.SuiteRunner$SuiteWorker.run(SuiteRunner.java:418)
at org.testng.internal.thread.ThreadUtil.lambda$execute$0(ThreadUtil.java:64)
at java.util.concurrent.FutureTask.run(FutureTask.java:266)
at java.util.concurrent.ThreadPoolExecutor.runWorker(ThreadPoolExecutor.java:1149)
at java.util.concurrent.ThreadPoolExecutor$Worker.run(ThreadPoolExecutor.java:624)
at java.lang.Thread.run(Thread.java:748)
]]>
            </full-stacktrace>
          </exception> <!-- java.lang.AssertionError -->
          <reporter-output>
          </reporter-output>
        </test-method> <!-- deleteCustomer -->
        <test-method status="PASS" signature="tearDown()[pri:0, instance:APITestCases.DeleteCustomerTest@36916eb0]" name="tearDown" is-config="true" duration-ms="0" started-at="2021-11-24T22:39:02 CET" finished-at="2021-11-24T22:39:02 CET">
          <reporter-output>
          </reporter-output>
        </test-method> <!-- tearDown -->
      </class> <!-- APITestCases.DeleteCustomerTest -->
      <class name="APITestCases.CreateCustomerPostReqTest">
        <test-method status="PASS" signature="setup()[pri:0, instance:APITestCases.CreateCustomerPostReqTest@316bcf94]" name="setup" is-config="true" duration-ms="732" started-at="2021-11-24T22:38:57 CET" finished-at="2021-11-24T22:38:57 CET">
          <reporter-output>
          </reporter-output>
        </test-method> <!-- setup -->
        <test-method status="PASS" signature="validateCreateCustomerAPIWithValidSecretKey(java.util.Hashtable)[pri:0, instance:APITestCases.CreateCustomerPostReqTest@316bcf94]" name="validateCreateCustomerAPIWithValidSecretKey" duration-ms="3010" started-at="2021-11-24T22:38:57 CET" data-provider="Data" finished-at="2021-11-24T22:39:00 CET">
          <params>
            <param index="0">
              <value>
                <![CDATA[{email=java@way2automation.com, name=Rahul Arora, description=Adding the Second customer in framework}]]>
              </value>
            </param>
          </params>
          <reporter-output>
          </reporter-output>
        </test-method> <!-- validateCreateCustomerAPIWithValidSecretKey -->
        <test-method status="PASS" signature="tearDown()[pri:0, instance:APITestCases.CreateCustomerPostReqTest@316bcf94]" name="tearDown" is-config="true" duration-ms="1" started-at="2021-11-24T22:39:00 CET" finished-at="2021-11-24T22:39:00 CET">
          <reporter-output>
          </reporter-output>
        </test-method> <!-- tearDown -->
        <test-method status="PASS" signature="validateCreateCustomerAPIWithValidSecretKey(java.util.Hashtable)[pri:0, instance:APITestCases.CreateCustomerPostReqTest@316bcf94]" name="validateCreateCustomerAPIWithValidSecretKey" duration-ms="668" started-at="2021-11-24T22:39:00 CET" data-provider="Data" finished-at="2021-11-24T22:39:01 CET">
          <params>
            <param index="0">
              <value>
                <![CDATA[{email=corporate@way2automation.com, name=Raman Arora, description=Adding the Third Customer in Framework}]]>
              </value>
            </param>
          </params>
          <reporter-output>
          </reporter-output>
        </test-method> <!-- validateCreateCustomerAPIWithValidSecretKey -->
        <test-method status="PASS" signature="validateCreateCustomerAPIWithValidSecretKey(java.util.Hashtable)[pri:0, instance:APITestCases.CreateCustomerPostReqTest@316bcf94]" name="validateCreateCustomerAPIWithValidSecretKey" duration-ms="612" started-at="2021-11-24T22:39:01 CET" data-provider="Data" finished-at="2021-11-24T22:39:02 CET">
          <params>
            <param index="0">
              <value>
                <![CDATA[{email=ishita@way2automation.com, name=Ishita Arora, description=Adding the forth Customer in framework}]]>
              </value>
            </param>
          </params>
          <reporter-output>
          </reporter-output>
        </test-method> <!-- validateCreateCustomerAPIWithValidSecretKey -->
        <test-method status="PASS" signature="tearDown()[pri:0, instance:APITestCases.CreateCustomerPostReqTest@316bcf94]" name="tearDown" is-config="true" duration-ms="0" started-at="2021-11-24T22:39:01 CET" finished-at="2021-11-24T22:39:01 CET">
          <reporter-output>
          </reporter-output>
        </test-method> <!-- tearDown -->
        <test-method status="PASS" signature="tearDown()[pri:0, instance:APITestCases.CreateCustomerPostReqTest@316bcf94]" name="tearDown" is-config="true" duration-ms="0" started-at="2021-11-24T22:39:02 CET" finished-at="2021-11-24T22:39:02 CET">
          <reporter-output>
          </reporter-output>
        </test-method> <!-- tearDown -->
        <test-method status="PASS" signature="tearDown()[pri:0, instance:APITestCases.CreateCustomerPostReqTest@316bcf94]" name="tearDown" is-config="true" duration-ms="0" started-at="2021-11-24T22:39:03 CET" finished-at="2021-11-24T22:39:03 CET">
          <reporter-output>
          </reporter-output>
        </test-method> <!-- tearDown -->
      </class> <!-- APITestCases.CreateCustomerPostReqTest -->
    </test> <!-- Create Customer API -->
  </suite> <!-- Suite -->
</testng-results>
