<?xml version="1.0" encoding="UTF-8"?>
<testng-results ignored="2" total="6" passed="3" failed="1" skipped="0">
  <reporter-output>
  </reporter-output>
  <suite started-at="2021-11-24T15:46:06 CET" name="Suite" finished-at="2021-11-24T15:46:11 CET" duration-ms="4187">
    <groups>
    </groups>
    <test started-at="2021-11-24T15:46:06 CET" name="Create Customer API" finished-at="2021-11-24T15:46:11 CET" duration-ms="4187">
      <class name="APITestCases.DeleteCustomerTest">
        <test-method signature="deleteCustomer(java.util.Hashtable)[pri:0, instance:APITestCases.DeleteCustomerTest@42a9e5d1]" started-at="2021-11-24T15:46:10 CET" name="deleteCustomer" data-provider="Data" finished-at="2021-11-24T15:46:11 CET" duration-ms="508" status="FAIL">
          <params>
            <param index="0">
              <value>
                <![CDATA[{id=cus_KefQaEyP6KWsRr}]]>
              </value>
            </param>
          </params>
          <exception class="java.lang.AssertionError">
            <message>
              <![CDATA[expected [200] but found [404]]]>
            </message>
            <full-stacktrace>
              <![CDATA[java.lang.AssertionError: expected [200] but found [404]
at org.testng.Assert.fail(Assert.java:99)
at org.testng.Assert.failNotEquals(Assert.java:1037)
at org.testng.Assert.assertEqualsImpl(Assert.java:140)
at org.testng.Assert.assertEquals(Assert.java:122)
at org.testng.Assert.assertEquals(Assert.java:907)
at org.testng.Assert.assertEquals(Assert.java:917)
at APITestCases.DeleteCustomerTest.deleteCustomer(DeleteCustomerTest.java:27)
at java.base/jdk.internal.reflect.NativeMethodAccessorImpl.invoke0(Native Method)
at java.base/jdk.internal.reflect.NativeMethodAccessorImpl.invoke(NativeMethodAccessorImpl.java:78)
at java.base/jdk.internal.reflect.DelegatingMethodAccessorImpl.invoke(DelegatingMethodAccessorImpl.java:43)
at java.base/java.lang.reflect.Method.invoke(Method.java:567)
at org.testng.internal.MethodInvocationHelper.invokeMethod(MethodInvocationHelper.java:133)
at org.testng.internal.TestInvoker.invokeMethod(TestInvoker.java:598)
at org.testng.internal.TestInvoker.invokeTestMethod(TestInvoker.java:173)
at org.testng.internal.MethodRunner.runInSequence(MethodRunner.java:46)
at org.testng.internal.TestInvoker$MethodInvocationAgent.invoke(TestInvoker.java:824)
at org.testng.internal.TestInvoker.invokeTestMethods(TestInvoker.java:146)
at org.testng.internal.TestMethodWorker.invokeTestMethods(TestMethodWorker.java:146)
at org.testng.internal.TestMethodWorker.run(TestMethodWorker.java:128)
at java.base/java.util.ArrayList.forEach(ArrayList.java:1511)
at org.testng.TestRunner.privateRun(TestRunner.java:794)
at org.testng.TestRunner.run(TestRunner.java:596)
at org.testng.SuiteRunner.runTest(SuiteRunner.java:377)
at org.testng.SuiteRunner.access$000(SuiteRunner.java:28)
at org.testng.SuiteRunner$SuiteWorker.run(SuiteRunner.java:418)
at org.testng.internal.thread.ThreadUtil.lambda$execute$0(ThreadUtil.java:64)
at java.base/java.util.concurrent.FutureTask.run(FutureTask.java:264)
at java.base/java.util.concurrent.ThreadPoolExecutor.runWorker(ThreadPoolExecutor.java:1130)
at java.base/java.util.concurrent.ThreadPoolExecutor$Worker.run(ThreadPoolExecutor.java:630)
at java.base/java.lang.Thread.run(Thread.java:831)
]]>
            </full-stacktrace>
          </exception> <!-- java.lang.AssertionError -->
          <reporter-output>
          </reporter-output>
        </test-method> <!-- deleteCustomer -->
        <test-method is-config="true" signature="tearDown()[pri:0, instance:APITestCases.DeleteCustomerTest@42a9e5d1]" started-at="2021-11-24T15:46:11 CET" name="tearDown" finished-at="2021-11-24T15:46:11 CET" duration-ms="0" status="PASS">
          <reporter-output>
          </reporter-output>
        </test-method> <!-- tearDown -->
      </class> <!-- APITestCases.DeleteCustomerTest -->
      <class name="APITestCases.CreateCustomerPostReqTest">
        <test-method is-config="true" signature="setup()[pri:0, instance:APITestCases.CreateCustomerPostReqTest@2692b61e]" started-at="2021-11-24T15:46:06 CET" name="setup" finished-at="2021-11-24T15:46:06 CET" duration-ms="748" status="PASS">
          <reporter-output>
          </reporter-output>
        </test-method> <!-- setup -->
        <test-method signature="validateCreateCustomerAPIWithValidSecretKey(java.util.Hashtable)[pri:0, instance:APITestCases.CreateCustomerPostReqTest@2692b61e]" started-at="2021-11-24T15:46:06 CET" name="validateCreateCustomerAPIWithValidSecretKey" data-provider="Data" finished-at="2021-11-24T15:46:09 CET" duration-ms="2056" status="PASS">
          <params>
            <param index="0">
              <value>
                <![CDATA[{email=java@way2automation.com, name=Rahul Arora, description=Adding the Second customer in framework}]]>
              </value>
            </param>
          </params>
          <reporter-output>
          </reporter-output>
        </test-method> <!-- validateCreateCustomerAPIWithValidSecretKey -->
        <test-method is-config="true" signature="tearDown()[pri:0, instance:APITestCases.CreateCustomerPostReqTest@2692b61e]" started-at="2021-11-24T15:46:09 CET" name="tearDown" finished-at="2021-11-24T15:46:09 CET" duration-ms="0" status="PASS">
          <reporter-output>
          </reporter-output>
        </test-method> <!-- tearDown -->
        <test-method signature="validateCreateCustomerAPIWithValidSecretKey(java.util.Hashtable)[pri:0, instance:APITestCases.CreateCustomerPostReqTest@2692b61e]" started-at="2021-11-24T15:46:09 CET" name="validateCreateCustomerAPIWithValidSecretKey" data-provider="Data" finished-at="2021-11-24T15:46:09 CET" duration-ms="646" status="PASS">
          <params>
            <param index="0">
              <value>
                <![CDATA[{email=corporate@way2automation.com, name=Raman Arora, description=Adding the Third Customer in Framework}]]>
              </value>
            </param>
          </params>
          <reporter-output>
          </reporter-output>
        </test-method> <!-- validateCreateCustomerAPIWithValidSecretKey -->
        <test-method is-config="true" signature="tearDown()[pri:0, instance:APITestCases.CreateCustomerPostReqTest@2692b61e]" started-at="2021-11-24T15:46:09 CET" name="tearDown" finished-at="2021-11-24T15:46:09 CET" duration-ms="0" status="PASS">
          <reporter-output>
          </reporter-output>
        </test-method> <!-- tearDown -->
        <test-method signature="validateCreateCustomerAPIWithValidSecretKey(java.util.Hashtable)[pri:0, instance:APITestCases.CreateCustomerPostReqTest@2692b61e]" started-at="2021-11-24T15:46:09 CET" name="validateCreateCustomerAPIWithValidSecretKey" data-provider="Data" finished-at="2021-11-24T15:46:10 CET" duration-ms="711" status="PASS">
          <params>
            <param index="0">
              <value>
                <![CDATA[{email=ishita@way2automation.com, name=Ishita Arora, description=Adding the forth Customer in framework}]]>
              </value>
            </param>
          </params>
          <reporter-output>
          </reporter-output>
        </test-method> <!-- validateCreateCustomerAPIWithValidSecretKey -->
        <test-method is-config="true" signature="tearDown()[pri:0, instance:APITestCases.CreateCustomerPostReqTest@2692b61e]" started-at="2021-11-24T15:46:10 CET" name="tearDown" finished-at="2021-11-24T15:46:10 CET" duration-ms="1" status="PASS">
          <reporter-output>
          </reporter-output>
        </test-method> <!-- tearDown -->
        <test-method is-config="true" signature="tearDown()[pri:0, instance:APITestCases.CreateCustomerPostReqTest@2692b61e]" started-at="2021-11-24T15:46:11 CET" name="tearDown" finished-at="2021-11-24T15:46:11 CET" duration-ms="0" status="PASS">
          <reporter-output>
          </reporter-output>
        </test-method> <!-- tearDown -->
      </class> <!-- APITestCases.CreateCustomerPostReqTest -->
    </test> <!-- Create Customer API -->
  </suite> <!-- Suite -->
</testng-results>
